
RAxML-NG v. 1.2.1 released on 22.12.2023 by The Exelixis Lab.
Developed by: Alexey M. Kozlov and Alexandros Stamatakis.
Contributors: Diego Darriba, Tomas Flouri, Benoit Morel, Sarah Lutteropp, Ben Bettisworth, Julia Haag, Anastasis Togkousidis.
Latest version: https://github.com/amkozlov/raxml-ng
Questions/problems/suggestions? Please visit: https://groups.google.com/forum/#!forum/raxml

System: Apple M2, 8 cores, 8 GB RAM

RAxML-NG was called at 27-Feb-2024 18:20:34 as follows:

/Applications/raxml/raxml-ng --all --msa primate.phy --model GTR+G

Analysis options:
  run mode: ML tree search + bootstrapping (Felsenstein Bootstrap)
  start tree(s): random (10) + parsimony (10)
  bootstrap replicates: parsimony (max: 1000) + bootstopping (autoMRE, cutoff: 0.030000)
  random seed: 1709076034
  tip-inner: OFF
  pattern compression: ON
  per-rate scalers: OFF
  site repeats: ON
  logLH epsilon: general: 10.000000, brlen-triplet: 1000.000000
  fast spr radius: AUTO
  spr subtree cutoff: 1.000000
  fast CLV updates: ON
  branch lengths: proportional (ML estimate, algorithm: NR-FAST)
  SIMD kernels: SSE3
  parallelization: coarse-grained (auto), PTHREADS (auto)

[00:00:00] Reading alignment from file: primate.phy
[00:00:00] Loaded alignment with 12 taxa and 13472 sites

Alignment comprises 1 partitions and 413 patterns

Partition 0: noname
Model: GTR+FO+G4m
Alignment sites / patterns: 13472 / 413
Gaps: 0.28 %
Invariant sites: 41.99 %


NOTE: Binary MSA file created: primate.phy.raxml.rba

Parallelization scheme autoconfig: 8 worker(s) x 1 thread(s)

[00:00:00] Generating 10 random starting tree(s) with 12 taxa
[00:00:00] Generating 10 parsimony starting tree(s) with 12 taxa
Parallel parsimony with 8 threads
Parallel reduction/worker buffer size: 1 KB  / 0 KB

[00:00:00] Data distribution: max. partitions/sites/weight per thread: 1 / 413 / 6608
[00:00:00] Data distribution: max. searches per worker: 128

Starting ML tree search with 20 distinct starting trees

[00:00:00] [worker #1] ML tree search #2, logLikelihood: -85638.695646
[00:00:00] [worker #0] ML tree search #1, logLikelihood: -85638.701748
[00:00:00] [worker #6] ML tree search #7, logLikelihood: -85638.858232
[00:00:01] [worker #2] ML tree search #3, logLikelihood: -85638.645055
[00:00:01] [worker #3] ML tree search #4, logLikelihood: -85638.727135
[00:00:01] [worker #7] ML tree search #8, logLikelihood: -85638.738844
[00:00:01] [worker #6] ML tree search #15, logLikelihood: -85638.655120
[00:00:01] [worker #0] ML tree search #9, logLikelihood: -85638.729424
[00:00:01] [worker #4] ML tree search #5, logLikelihood: -85638.710652
[00:00:01] [worker #5] ML tree search #6, logLikelihood: -85638.743957
[00:00:01] [worker #2] ML tree search #11, logLikelihood: -85638.674694
[00:00:01] [worker #7] ML tree search #16, logLikelihood: -85638.854753
[00:00:01] [worker #3] ML tree search #12, logLikelihood: -85638.658467
[00:00:02] [worker #0] ML tree search #17, logLikelihood: -85638.660336
[00:00:02] [worker #5] ML tree search #14, logLikelihood: -85638.863048
[00:00:02] [worker #4] ML tree search #13, logLikelihood: -85638.787615
[00:00:02] [worker #2] ML tree search #19, logLikelihood: -85638.666903
[00:00:02] [worker #1] ML tree search #10, logLikelihood: -85638.785360
[00:00:02] [worker #3] ML tree search #20, logLikelihood: -85638.673637
[00:00:02] [worker #1] ML tree search #18, logLikelihood: -85638.660796

[00:00:02] ML tree search completed, best tree logLH: -85638.645055

[00:00:02] Starting bootstrapping analysis with 1000 replicates.

[00:00:03] [worker #4] Bootstrap tree #5, logLikelihood: -85638.679692
[00:00:03] [worker #6] Bootstrap tree #7, logLikelihood: -85638.668148
[00:00:03] [worker #1] Bootstrap tree #2, logLikelihood: -85638.659019
[00:00:03] [worker #3] Bootstrap tree #4, logLikelihood: -85638.660436
[00:00:03] [worker #5] Bootstrap tree #6, logLikelihood: -85638.667386
[00:00:03] [worker #2] Bootstrap tree #3, logLikelihood: -85638.665765
[00:00:03] [worker #0] Bootstrap tree #1, logLikelihood: -85638.655827
[00:00:03] [worker #7] Bootstrap tree #8, logLikelihood: -85638.662512
[00:00:03] [worker #1] Bootstrap tree #10, logLikelihood: -85638.774553
[00:00:03] [worker #4] Bootstrap tree #13, logLikelihood: -85638.658467
[00:00:03] [worker #3] Bootstrap tree #12, logLikelihood: -85638.674694
[00:00:03] [worker #6] Bootstrap tree #15, logLikelihood: -85638.863048
[00:00:03] [worker #2] Bootstrap tree #11, logLikelihood: -85638.664897
[00:00:04] [worker #5] Bootstrap tree #14, logLikelihood: -85638.787615
[00:00:04] [worker #0] Bootstrap tree #9, logLikelihood: -85638.835537
[00:00:04] [worker #7] Bootstrap tree #16, logLikelihood: -85638.655120
[00:00:04] [worker #1] Bootstrap tree #18, logLikelihood: -85638.660336
[00:00:04] [worker #4] Bootstrap tree #21, logLikelihood: -85638.673637
[00:00:04] [worker #2] Bootstrap tree #19, logLikelihood: -85638.660796
[00:00:04] [worker #3] Bootstrap tree #20, logLikelihood: -85638.666903
[00:00:04] [worker #5] Bootstrap tree #22, logLikelihood: -85638.679115
[00:00:04] [worker #0] Bootstrap tree #17, logLikelihood: -85638.854753
[00:00:04] [worker #6] Bootstrap tree #23, logLikelihood: -85638.762363
[00:00:04] [worker #7] Bootstrap tree #24, logLikelihood: -85638.668984
[00:00:04] [worker #2] Bootstrap tree #27, logLikelihood: -85638.667739
[00:00:05] [worker #1] Bootstrap tree #26, logLikelihood: -85638.653808
[00:00:05] [worker #4] Bootstrap tree #29, logLikelihood: -85638.666086
[00:00:05] [worker #3] Bootstrap tree #28, logLikelihood: -85638.657523
[00:00:05] [worker #0] Bootstrap tree #25, logLikelihood: -85638.747785
[00:00:05] [worker #5] Bootstrap tree #30, logLikelihood: -85638.666434
[00:00:05] [worker #6] Bootstrap tree #31, logLikelihood: -85638.855489
[00:00:05] [worker #7] Bootstrap tree #32, logLikelihood: -85638.661072
[00:00:05] [worker #1] Bootstrap tree #34, logLikelihood: -85638.661513
[00:00:05] [worker #2] Bootstrap tree #35, logLikelihood: -85638.664295
[00:00:05] [worker #3] Bootstrap tree #36, logLikelihood: -85638.680589
[00:00:05] [worker #4] Bootstrap tree #37, logLikelihood: -85638.648298
[00:00:05] [worker #0] Bootstrap tree #33, logLikelihood: -85638.667603
[00:00:05] [worker #6] Bootstrap tree #39, logLikelihood: -85638.669695
[00:00:05] [worker #5] Bootstrap tree #38, logLikelihood: -85638.760248
[00:00:06] [worker #1] Bootstrap tree #42, logLikelihood: -85638.689019
[00:00:06] [worker #2] Bootstrap tree #43, logLikelihood: -85638.655846
[00:00:06] [worker #7] Bootstrap tree #40, logLikelihood: -85638.660645
[00:00:06] [worker #0] Bootstrap tree #41, logLikelihood: -85638.664777
[00:00:06] [worker #4] Bootstrap tree #45, logLikelihood: -85638.662905
[00:00:06] [worker #3] Bootstrap tree #44, logLikelihood: -85638.673305
[00:00:06] [worker #6] Bootstrap tree #47, logLikelihood: -85638.660572
[00:00:06] [worker #5] Bootstrap tree #46, logLikelihood: -85638.684119
[00:00:06] [worker #1] Bootstrap tree #50, logLikelihood: -85638.661193
[00:00:06] [worker #7] Bootstrap tree #48, logLikelihood: -85638.780686
[00:00:06] [worker #0] Bootstrap tree #49, logLikelihood: -85638.851996
[00:00:06] Bootstrapping converged after 50 replicates.

Optimized model parameters:

   Partition 0: noname
   Rate heterogeneity: GAMMA (4 cats, mean),  alpha: 0.366245 (ML),  weights&rates: (0.250000,0.012161) (0.250000,0.156129) (0.250000,0.692009) (0.250000,3.139701) 
   Base frequencies (ML): 0.355106 0.322584 0.079747 0.242563 
   Substitution rates (ML): 3.461860 43.180839 2.950656 2.298772 33.942207 1.000000 


Final LogLikelihood: -85638.645055

AIC score: 171337.290109 / AICc score: 171337.428492 / BIC score: 171562.541172
Free parameters (model + branch lengths): 30

Best ML tree saved to: /Users/kylecameron/Documents/GitHub/bioinformatics/treehw/primate.phy.raxml.bestTree
All ML trees saved to: /Users/kylecameron/Documents/GitHub/bioinformatics/treehw/primate.phy.raxml.mlTrees
Best ML tree with Felsenstein bootstrap (FBP) support values saved to: /Users/kylecameron/Documents/GitHub/bioinformatics/treehw/primate.phy.raxml.support
Optimized model saved to: /Users/kylecameron/Documents/GitHub/bioinformatics/treehw/primate.phy.raxml.bestModel
Bootstrap trees saved to: /Users/kylecameron/Documents/GitHub/bioinformatics/treehw/primate.phy.raxml.bootstraps

Execution log saved to: /Users/kylecameron/Documents/GitHub/bioinformatics/treehw/primate.phy.raxml.log

Analysis started: 27-Feb-2024 18:20:34 / finished: 27-Feb-2024 18:20:41

Elapsed time: 6.931 seconds

